pp_market.py        , start_sockets            , INFO    - client initiated in simulated mode
pp_order.py         , __init__                 , INFO    - ** ORDER CREATED ++ split count: 0 BUY  - S_20210530_0745 - PENDING     - b1         - DEFAULT      -  44,954.46 -     0.023057 -     0.000000 - MONITOR   - 0 - 14e81fc533f40e0d - 2021-05-30 07:45:53.965769
pp_order.py         , __init__                 , INFO    - ** ORDER CREATED ++ split count: 0 SELL - S_20210530_0745 - PENDING     - s1         - DEFAULT      -  45,065.54 -     0.023000 -     0.000000 - MONITOR   - 0 - b7fc2f689c7881ba - 2021-05-30 07:45:53.966334
pp_order.py         , set_status               , INFO    - ** ORDER STATUS CHANGED FROM MONITOR TO TO_BE_PLACED - split count: 0 BUY  - S_20210530_0745 - 001         - b1         - DEFAULT      -  44,954.46 -     0.023057 -     0.000000 - TO_BE_PLACED- 0 - 14e81fc533f40e0d - 2021-05-30 07:45:53.965769
pp_order.py         , set_status               , INFO    - ** ORDER STATUS CHANGED FROM TO_BE_PLACED TO PLACED - split count: 0 BUY  - S_20210530_0745 - 001         - b1         - DEFAULT      -  44,954.46 -     0.023057 -     0.000000 - PLACED    - 1 - 14e81fc533f40e0d - 2021-05-30 07:45:53.965769
pp_order.py         , set_status               , INFO    - ** ORDER STATUS CHANGED FROM MONITOR TO TO_BE_PLACED - split count: 0 SELL - S_20210530_0745 - 001         - s1         - DEFAULT      -  45,065.54 -     0.023000 -     0.000000 - TO_BE_PLACED- 0 - b7fc2f689c7881ba - 2021-05-30 07:45:53.966334
pp_order.py         , set_status               , INFO    - ** ORDER STATUS CHANGED FROM TO_BE_PLACED TO PLACED - split count: 0 SELL - S_20210530_0745 - 001         - s1         - DEFAULT      -  45,065.54 -     0.023000 -     0.000000 - PLACED    - 2 - b7fc2f689c7881ba - 2021-05-30 07:45:53.966334
pp_order.py         , set_status               , INFO    - ** ORDER STATUS CHANGED FROM PLACED TO MONITOR - split count: 0 SELL - S_20210530_0745 - 001         - s1         - DEFAULT      -  45,065.54 -     0.023000 -     0.000000 - MONITOR   - 2 - b7fc2f689c7881ba - 2021-05-30 07:45:53.966334
pp_market.py        , cancel_orders            , INFO    - ********** CANCELLING PLACED ORDER(S) **********
pp_market.py        , cancel_orders            , INFO    - ** ORDER CANCELLED IN BINANCE split count: 0 SELL - S_20210530_0745 - 001         - s1         - DEFAULT      -  45,065.54 -     0.023000 -     0.000000 - MONITOR   - 2 - b7fc2f689c7881ba - 2021-05-30 07:45:53.966334
pp_order.py         , set_status               , INFO    - ** ORDER STATUS CHANGED FROM PLACED TO TRADED - split count: 0 BUY  - S_20210530_0745 - 001         - b1         - DEFAULT      -  44,954.46 -     0.023057 -     0.000074 - TRADED    - 1 - 14e81fc533f40e0d - 2021-05-30 07:45:53.965769
pp_session.py       , order_traded_callback    , INFO    - no new pt created after the last traded order
pp_order.py         , __init__                 , INFO    - ** ORDER CREATED ++ split count: 0 SELL - S_20210530_0745 - 001         - s1(+0)     - CHILD(+0)    -  45,065.54 -     0.007667 -     0.000000 - MONITOR   - 0 - 4419b39cd57c92cc - 2021-05-30 07:46:07.698931
pp_order.py         , __init__                 , INFO    - ** ORDER CREATED ++ split count: 0 SELL - S_20210530_0745 - 001         - s1(+1)     - CHILD(+1)    -  45,115.54 -     0.007667 -     0.000000 - MONITOR   - 0 - 93ccd4ddaf3075fd - 2021-05-30 07:46:07.700681
pp_order.py         , __init__                 , INFO    - ** ORDER CREATED ++ split count: 0 SELL - S_20210530_0745 - 001         - s1(-1)     - CHILD(-1)    -  45,015.54 -     0.007667 -     0.000000 - MONITOR   - 0 - 3e33e4c8c3fa9e09 - 2021-05-30 07:46:07.701957
pp_order.py         , __del__                  , INFO    - ** ORDER DESTROYED split count: 0 SELL - S_20210530_0745 - 001         - s1         - DEFAULT      -  45,065.54 -     0.023000 -     0.000000 - MONITOR   - 2 - b7fc2f689c7881ba - 2021-05-30 07:45:53.966334
pp_order.py         , __init__                 , INFO    - ** ORDER CREATED ++ split count: 0 BUY  - S_20210530_0745 - 001         - s1(+1)-CB- - COMPENSATED  -  44,835.00 -     0.058929 -     0.000000 - MONITOR   - 0 - 49f8beb8cdd69807 - 2021-05-30 07:46:07.704413
pp_order.py         , __init__                 , INFO    - ** ORDER CREATED ++ split count: 0 SELL - S_20210530_0745 - 001         - s1(+1)-CS- - COMPENSATED  -  44,935.00 -     0.066495 -     0.000000 - MONITOR   - 0 - 8710581285007a2d - 2021-05-30 07:46:07.704508
pp_orders_book.py   , compensate_order         , INFO    - ////////// ORDER COMPENSATED //////////
pp_orders_book.py   , compensate_order         , INFO    - initial order:  split count: 1 SELL - S_20210530_0745 - 001         - s1(+1)     - CHILD(+1)    -  45,115.54 -     0.007667 -     0.000000 - MONITOR   - 0 - 93ccd4ddaf3075fd - 2021-05-30 07:46:07.700681
pp_orders_book.py   , compensate_order         , INFO    - compensation count: 0
pp_orders_book.py   , compensate_order         , INFO    - compensated b1: split count: 0 BUY  - S_20210530_0745 - 001         - s1(+1)-CB- - COMPENSATED  -  44,835.00 -     0.058929 -     0.000000 - MONITOR   - 0 - 49f8beb8cdd69807 - 2021-05-30 07:46:07.704413
pp_orders_book.py   , compensate_order         , INFO    - compensated s1: split count: 0 SELL - S_20210530_0745 - 001         - s1(+1)-CS- - COMPENSATED  -  44,935.00 -     0.066495 -     0.000000 - MONITOR   - 0 - 8710581285007a2d - 2021-05-30 07:46:07.704508
pp_order.py         , __del__                  , INFO    - ** ORDER DESTROYED split count: 1 SELL - S_20210530_0745 - 001         - s1(+1)     - CHILD(+1)    -  45,115.54 -     0.007667 -     0.000000 - MONITOR   - 0 - 93ccd4ddaf3075fd - 2021-05-30 07:46:07.700681
pp_order.py         , __init__                 , INFO    - ** ORDER CREATED ++ split count: 0 BUY  - S_20210530_0745 - 001         - s1(+0)-CB- - COMPENSATED  -  44,815.00 -     0.050699 -     0.000000 - MONITOR   - 0 - 60cf067ef01914e4 - 2021-05-30 07:46:07.781461
pp_order.py         , __init__                 , INFO    - ** ORDER CREATED ++ split count: 0 SELL - S_20210530_0745 - 001         - s1(+0)-CS- - COMPENSATED  -  44,915.00 -     0.058279 -     0.000000 - MONITOR   - 0 - 71453885cee81546 - 2021-05-30 07:46:07.781696
pp_orders_book.py   , compensate_order         , INFO    - ////////// ORDER COMPENSATED //////////
pp_orders_book.py   , compensate_order         , INFO    - initial order:  split count: 1 SELL - S_20210530_0745 - 001         - s1(+0)     - CHILD(+0)    -  45,065.54 -     0.007667 -     0.000000 - MONITOR   - 0 - 4419b39cd57c92cc - 2021-05-30 07:46:07.698931
pp_orders_book.py   , compensate_order         , INFO    - compensation count: 0
pp_orders_book.py   , compensate_order         , INFO    - compensated b1: split count: 0 BUY  - S_20210530_0745 - 001         - s1(+0)-CB- - COMPENSATED  -  44,815.00 -     0.050699 -     0.000000 - MONITOR   - 0 - 60cf067ef01914e4 - 2021-05-30 07:46:07.781461
pp_orders_book.py   , compensate_order         , INFO    - compensated s1: split count: 0 SELL - S_20210530_0745 - 001         - s1(+0)-CS- - COMPENSATED  -  44,915.00 -     0.058279 -     0.000000 - MONITOR   - 0 - 71453885cee81546 - 2021-05-30 07:46:07.781696
pp_order.py         , __del__                  , INFO    - ** ORDER DESTROYED split count: 1 SELL - S_20210530_0745 - 001         - s1(+0)     - CHILD(+0)    -  45,065.54 -     0.007667 -     0.000000 - MONITOR   - 0 - 4419b39cd57c92cc - 2021-05-30 07:46:07.698931
pp_order.py         , set_status               , INFO    - ** ORDER STATUS CHANGED FROM MONITOR TO TO_BE_PLACED - split count: 1 BUY  - S_20210530_0745 - 001         - s1(+1)-CB- - COMPENSATED  -  44,835.00 -     0.058929 -     0.000000 - TO_BE_PLACED- 0 - 49f8beb8cdd69807 - 2021-05-30 07:46:07.704413
pp_order.py         , set_status               , INFO    - ** ORDER STATUS CHANGED FROM TO_BE_PLACED TO PLACED - split count: 1 BUY  - S_20210530_0745 - 001         - s1(+1)-CB- - COMPENSATED  -  44,835.00 -     0.058929 -     0.000000 - PLACED    - 3 - 49f8beb8cdd69807 - 2021-05-30 07:46:07.704413
pp_order.py         , set_status               , INFO    - ** ORDER STATUS CHANGED FROM MONITOR TO TO_BE_PLACED - split count: 1 SELL - S_20210530_0745 - 001         - s1(+0)-CS- - COMPENSATED  -  44,915.00 -     0.058279 -     0.000000 - TO_BE_PLACED- 0 - 71453885cee81546 - 2021-05-30 07:46:07.781696
pp_order.py         , set_status               , INFO    - ** ORDER STATUS CHANGED FROM TO_BE_PLACED TO PLACED - split count: 1 SELL - S_20210530_0745 - 001         - s1(+0)-CS- - COMPENSATED  -  44,915.00 -     0.058279 -     0.000000 - PLACED    - 4 - 71453885cee81546 - 2021-05-30 07:46:07.781696
pp_order.py         , set_status               , INFO    - ** ORDER STATUS CHANGED FROM PLACED TO TRADED - split count: 1 SELL - S_20210530_0745 - 001         - s1(+0)-CS- - COMPENSATED  -  44,915.00 -     0.058279 -     0.000186 - TRADED    - 4 - 71453885cee81546 - 2021-05-30 07:46:07.781696
pp_session.py       , order_traded_callback    , INFO    - no new pt created after the last traded order
pp_order.py         , set_status               , INFO    - ** ORDER STATUS CHANGED FROM MONITOR TO TO_BE_PLACED - split count: 1 SELL - S_20210530_0745 - 001         - s1(+1)-CS- - COMPENSATED  -  44,935.00 -     0.066495 -     0.000000 - TO_BE_PLACED- 0 - 8710581285007a2d - 2021-05-30 07:46:07.704508
pp_order.py         , set_status               , INFO    - ** ORDER STATUS CHANGED FROM TO_BE_PLACED TO PLACED - split count: 1 SELL - S_20210530_0745 - 001         - s1(+1)-CS- - COMPENSATED  -  44,935.00 -     0.066495 -     0.000000 - PLACED    - 5 - 8710581285007a2d - 2021-05-30 07:46:07.704508
pp_order.py         , set_status               , INFO    - ** ORDER STATUS CHANGED FROM PLACED TO TRADED - split count: 1 SELL - S_20210530_0745 - 001         - s1(+1)-CS- - COMPENSATED  -  44,935.00 -     0.066495 -     0.000213 - TRADED    - 5 - 8710581285007a2d - 2021-05-30 07:46:07.704508
pp_session.py       , order_traded_callback    , INFO    - no new pt created after the last traded order
pp_order.py         , set_status               , INFO    - ** ORDER STATUS CHANGED FROM MONITOR TO TO_BE_PLACED - split count: 1 BUY  - S_20210530_0745 - 001         - s1(+0)-CB- - COMPENSATED  -  44,815.00 -     0.050699 -     0.000000 - TO_BE_PLACED- 0 - 60cf067ef01914e4 - 2021-05-30 07:46:07.781461
pp_order.py         , set_status               , INFO    - ** ORDER STATUS CHANGED FROM TO_BE_PLACED TO PLACED - split count: 1 BUY  - S_20210530_0745 - 001         - s1(+0)-CB- - COMPENSATED  -  44,815.00 -     0.050699 -     0.000000 - PLACED    - 6 - 60cf067ef01914e4 - 2021-05-30 07:46:07.781461
pp_order.py         , set_status               , INFO    - ** ORDER STATUS CHANGED FROM PLACED TO MONITOR - split count: 1 BUY  - S_20210530_0745 - 001         - s1(+0)-CB- - COMPENSATED  -  44,815.00 -     0.050699 -     0.000000 - MONITOR   - 6 - 60cf067ef01914e4 - 2021-05-30 07:46:07.781461
pp_market.py        , cancel_orders            , INFO    - ********** CANCELLING PLACED ORDER(S) **********
pp_market.py        , cancel_orders            , INFO    - ** ORDER CANCELLED IN BINANCE split count: 1 BUY  - S_20210530_0745 - 001         - s1(+0)-CB- - COMPENSATED  -  44,815.00 -     0.050699 -     0.000000 - MONITOR   - 6 - 60cf067ef01914e4 - 2021-05-30 07:46:07.781461
pp_order.py         , set_status               , INFO    - ** ORDER STATUS CHANGED FROM PLACED TO MONITOR - split count: 1 BUY  - S_20210530_0745 - 001         - s1(+1)-CB- - COMPENSATED  -  44,835.00 -     0.058929 -     0.000000 - MONITOR   - 3 - 49f8beb8cdd69807 - 2021-05-30 07:46:07.704413
pp_market.py        , cancel_orders            , INFO    - ********** CANCELLING PLACED ORDER(S) **********
pp_market.py        , cancel_orders            , INFO    - ** ORDER CANCELLED IN BINANCE split count: 1 BUY  - S_20210530_0745 - 001         - s1(+1)-CB- - COMPENSATED  -  44,835.00 -     0.058929 -     0.000000 - MONITOR   - 3 - 49f8beb8cdd69807 - 2021-05-30 07:46:07.704413
pp_order.py         , set_status               , INFO    - ** ORDER STATUS CHANGED FROM MONITOR TO TO_BE_PLACED - split count: 1 SELL - S_20210530_0745 - 001         - s1(-1)     - CHILD(-1)    -  45,015.54 -     0.007667 -     0.000000 - TO_BE_PLACED- 0 - 3e33e4c8c3fa9e09 - 2021-05-30 07:46:07.701957
pp_order.py         , set_status               , INFO    - ** ORDER STATUS CHANGED FROM TO_BE_PLACED TO PLACED - split count: 1 SELL - S_20210530_0745 - 001         - s1(-1)     - CHILD(-1)    -  45,015.54 -     0.007667 -     0.000000 - PLACED    - 7 - 3e33e4c8c3fa9e09 - 2021-05-30 07:46:07.701957
